#! /usr/local/bin/vvp
:ivl_version "12.0 (stable)";
:ivl_delay_selection "TYPICAL";
:vpi_time_precision - 12;
:vpi_module "/usr/local/lib/ivl/system.vpi";
:vpi_module "/usr/local/lib/ivl/vhdl_sys.vpi";
:vpi_module "/usr/local/lib/ivl/vhdl_textio.vpi";
:vpi_module "/usr/local/lib/ivl/v2005_math.vpi";
:vpi_module "/usr/local/lib/ivl/va_math.vpi";
:vpi_module "/usr/local/lib/ivl/v2009.vpi";
S_0x1581380 .scope package, "$unit" "$unit" 2 1;
 .timescale 0 0;
S_0x1580ff0 .scope module, "RippleCarryAdder32_tb" "RippleCarryAdder32_tb" 3 5;
 .timescale -9 -12;
v0x15a9b60_0 .var "A", 31 0;
v0x15a9c40_0 .var "B", 31 0;
v0x15a9d10_0 .var "Cin", 0 0;
v0x15a9e30_0 .net "Cout", 0 0, L_0x15bc230;  1 drivers
v0x15a9ed0_0 .net "Sum", 31 0, L_0x15ba9c0;  1 drivers
S_0x157e8d0 .scope module, "uut" "RippleCarryAdder32" 3 17, 4 13 0, S_0x1580ff0;
 .timescale 0 0;
    .port_info 0 /INPUT 32 "A";
    .port_info 1 /INPUT 32 "B";
    .port_info 2 /INPUT 1 "Cin";
    .port_info 3 /OUTPUT 32 "Sum";
    .port_info 4 /OUTPUT 1 "Cout";
v0x15a95d0_0 .net "A", 31 0, v0x15a9b60_0;  1 drivers
v0x15a96d0_0 .net "B", 31 0, v0x15a9c40_0;  1 drivers
v0x15a97b0_0 .net "Carry", 31 0, L_0x15ba620;  1 drivers
v0x15a9870_0 .net "Cin", 0 0, v0x15a9d10_0;  1 drivers
v0x15a9940_0 .net "Cout", 0 0, L_0x15bc230;  alias, 1 drivers
v0x15a99e0_0 .net "Sum", 31 0, L_0x15ba9c0;  alias, 1 drivers
L_0x15aa5b0 .part v0x15a9b60_0, 0, 1;
L_0x15aa6e0 .part v0x15a9c40_0, 0, 1;
L_0x15aad50 .part v0x15a9b60_0, 1, 1;
L_0x15aae80 .part v0x15a9c40_0, 1, 1;
L_0x15aafb0 .part L_0x15ba620, 0, 1;
L_0x15ab580 .part v0x15a9b60_0, 2, 1;
L_0x15ab780 .part v0x15a9c40_0, 2, 1;
L_0x15ab940 .part L_0x15ba620, 1, 1;
L_0x15abe10 .part v0x15a9b60_0, 3, 1;
L_0x15abf40 .part v0x15a9c40_0, 3, 1;
L_0x15ac0d0 .part L_0x15ba620, 2, 1;
L_0x15ac5f0 .part v0x15a9b60_0, 4, 1;
L_0x15ac790 .part v0x15a9c40_0, 4, 1;
L_0x15ac8c0 .part L_0x15ba620, 3, 1;
L_0x15ace80 .part v0x15a9b60_0, 5, 1;
L_0x15acfb0 .part v0x15a9c40_0, 5, 1;
L_0x15ad170 .part L_0x15ba620, 4, 1;
L_0x15ad6e0 .part v0x15a9b60_0, 6, 1;
L_0x15ad9c0 .part v0x15a9c40_0, 6, 1;
L_0x15adb70 .part L_0x15ba620, 5, 1;
L_0x15ae010 .part v0x15a9b60_0, 7, 1;
L_0x15ae140 .part v0x15a9c40_0, 7, 1;
L_0x15adc10 .part L_0x15ba620, 6, 1;
L_0x15ae800 .part v0x15a9b60_0, 8, 1;
L_0x15ae270 .part v0x15a9c40_0, 8, 1;
L_0x15aea90 .part L_0x15ba620, 7, 1;
L_0x15af0b0 .part v0x15a9b60_0, 9, 1;
L_0x15af1e0 .part v0x15a9c40_0, 9, 1;
L_0x15aec40 .part L_0x15ba620, 8, 1;
L_0x15af860 .part v0x15a9b60_0, 10, 1;
L_0x15af310 .part v0x15a9c40_0, 10, 1;
L_0x15afb20 .part L_0x15ba620, 9, 1;
L_0x15b00c0 .part v0x15a9b60_0, 11, 1;
L_0x15b01f0 .part v0x15a9c40_0, 11, 1;
L_0x15afbc0 .part L_0x15ba620, 10, 1;
L_0x15b08a0 .part v0x15a9b60_0, 12, 1;
L_0x15b0320 .part v0x15a9c40_0, 12, 1;
L_0x15b0b90 .part L_0x15ba620, 11, 1;
L_0x15b10c0 .part v0x15a9b60_0, 13, 1;
L_0x15b11f0 .part v0x15a9c40_0, 13, 1;
L_0x15b0c30 .part L_0x15ba620, 12, 1;
L_0x15b18a0 .part v0x15a9b60_0, 14, 1;
L_0x15ad810 .part v0x15a9c40_0, 14, 1;
L_0x15b13b0 .part L_0x15ba620, 13, 1;
L_0x15b22b0 .part v0x15a9b60_0, 15, 1;
L_0x15b23e0 .part v0x15a9c40_0, 15, 1;
L_0x15b1f50 .part L_0x15ba620, 14, 1;
L_0x15b2a90 .part v0x15a9b60_0, 16, 1;
L_0x15b2510 .part v0x15a9c40_0, 16, 1;
L_0x15b2d50 .part L_0x15ba620, 15, 1;
L_0x15b3350 .part v0x15a9b60_0, 17, 1;
L_0x15b3480 .part v0x15a9c40_0, 17, 1;
L_0x15b3000 .part L_0x15ba620, 16, 1;
L_0x15b3b80 .part v0x15a9b60_0, 18, 1;
L_0x15b35b0 .part v0x15a9c40_0, 18, 1;
L_0x15b3e70 .part L_0x15ba620, 17, 1;
L_0x15b43b0 .part v0x15a9b60_0, 19, 1;
L_0x15b44e0 .part v0x15a9c40_0, 19, 1;
L_0x15b3f10 .part L_0x15ba620, 18, 1;
L_0x15b4b60 .part v0x15a9b60_0, 20, 1;
L_0x15b4610 .part v0x15a9c40_0, 20, 1;
L_0x15b4740 .part L_0x15ba620, 19, 1;
L_0x15b5360 .part v0x15a9b60_0, 21, 1;
L_0x15b5490 .part v0x15a9c40_0, 21, 1;
L_0x15b4c90 .part L_0x15ba620, 20, 1;
L_0x15b5b50 .part v0x15a9b60_0, 22, 1;
L_0x15b55c0 .part v0x15a9c40_0, 22, 1;
L_0x15b56f0 .part L_0x15ba620, 21, 1;
L_0x15b6310 .part v0x15a9b60_0, 23, 1;
L_0x15b6440 .part v0x15a9c40_0, 23, 1;
L_0x15b5c80 .part L_0x15ba620, 22, 1;
L_0x15b6b30 .part v0x15a9b60_0, 24, 1;
L_0x15b6570 .part v0x15a9c40_0, 24, 1;
L_0x15b66a0 .part L_0x15ba620, 23, 1;
L_0x15b7320 .part v0x15a9b60_0, 25, 1;
L_0x15b7450 .part v0x15a9c40_0, 25, 1;
L_0x15b6c60 .part L_0x15ba620, 24, 1;
L_0x15b7ad0 .part v0x15a9b60_0, 26, 1;
L_0x15b7580 .part v0x15a9c40_0, 26, 1;
L_0x15b76b0 .part L_0x15ba620, 25, 1;
L_0x15b8200 .part v0x15a9b60_0, 27, 1;
L_0x15b8330 .part v0x15a9c40_0, 27, 1;
L_0x15b7c00 .part L_0x15ba620, 26, 1;
L_0x15b8a00 .part v0x15a9b60_0, 28, 1;
L_0x15b8460 .part v0x15a9c40_0, 28, 1;
L_0x15b8590 .part L_0x15ba620, 27, 1;
L_0x15b91f0 .part v0x15a9b60_0, 29, 1;
L_0x15b9320 .part v0x15a9c40_0, 29, 1;
L_0x15b8b30 .part L_0x15ba620, 28, 1;
L_0x15b99f0 .part v0x15a9b60_0, 30, 1;
L_0x15b19d0 .part v0x15a9c40_0, 30, 1;
L_0x15b8d20 .part L_0x15ba620, 29, 1;
L_0x15b9f30 .part v0x15a9b60_0, 31, 1;
L_0x15ba060 .part v0x15a9c40_0, 31, 1;
L_0x15ba920 .part L_0x15ba620, 30, 1;
LS_0x15ba9c0_0_0 .concat8 [ 1 1 1 1], L_0x15aa0c0, L_0x15aa880, L_0x15ab0f0, L_0x15aba50;
LS_0x15ba9c0_0_4 .concat8 [ 1 1 1 1], L_0x15ac1e0, L_0x15aca70, L_0x15ad280, L_0x15ab8b0;
LS_0x15ba9c0_0_8 .concat8 [ 1 1 1 1], L_0x15ae3a0, L_0x15ae930, L_0x15af470, L_0x15afa00;
LS_0x15ba9c0_0_12 .concat8 [ 1 1 1 1], L_0x15b0440, L_0x15b09d0, L_0x15b1470, L_0x15ada60;
LS_0x15ba9c0_0_16 .concat8 [ 1 1 1 1], L_0x15b2690, L_0x15aeba0, L_0x15b3110, L_0x15b3cb0;
LS_0x15ba9c0_0_20 .concat8 [ 1 1 1 1], L_0x15b4020, L_0x15b4f00, L_0x15b4da0, L_0x15b5f20;
LS_0x15ba9c0_0_24 .concat8 [ 1 1 1 1], L_0x15b5d90, L_0x15b6ec0, L_0x15b6d70, L_0x15b7e90;
LS_0x15ba9c0_0_28 .concat8 [ 1 1 1 1], L_0x15b7d10, L_0x15b8df0, L_0x15b8c40, L_0x15b1b70;
LS_0x15ba9c0_1_0 .concat8 [ 4 4 4 4], LS_0x15ba9c0_0_0, LS_0x15ba9c0_0_4, LS_0x15ba9c0_0_8, LS_0x15ba9c0_0_12;
LS_0x15ba9c0_1_4 .concat8 [ 4 4 4 4], LS_0x15ba9c0_0_16, LS_0x15ba9c0_0_20, LS_0x15ba9c0_0_24, LS_0x15ba9c0_0_28;
L_0x15ba9c0 .concat8 [ 16 16 0 0], LS_0x15ba9c0_1_0, LS_0x15ba9c0_1_4;
LS_0x15ba620_0_0 .concat8 [ 1 1 1 1], L_0x15aa460, L_0x15aac00, L_0x15ab430, L_0x15abd00;
LS_0x15ba620_0_4 .concat8 [ 1 1 1 1], L_0x15ac4a0, L_0x15acd30, L_0x15ad590, L_0x15adec0;
LS_0x15ba620_0_8 .concat8 [ 1 1 1 1], L_0x15ae6b0, L_0x15aef60, L_0x15af750, L_0x15aff70;
LS_0x15ba620_0_12 .concat8 [ 1 1 1 1], L_0x15b0750, L_0x15b0f70, L_0x15b1750, L_0x15b2160;
LS_0x15ba620_0_16 .concat8 [ 1 1 1 1], L_0x15b2940, L_0x15b3240, L_0x15b3a30, L_0x15b4260;
LS_0x15ba620_0_20 .concat8 [ 1 1 1 1], L_0x15b4a10, L_0x15b5210, L_0x15b5a00, L_0x15b6200;
LS_0x15ba620_0_24 .concat8 [ 1 1 1 1], L_0x15b69e0, L_0x15b71d0, L_0x15b79c0, L_0x15b80b0;
LS_0x15ba620_0_28 .concat8 [ 1 1 1 1], L_0x15b88b0, L_0x15b90a0, L_0x15b98a0, L_0x15b9590;
LS_0x15ba620_1_0 .concat8 [ 4 4 4 4], LS_0x15ba620_0_0, LS_0x15ba620_0_4, LS_0x15ba620_0_8, LS_0x15ba620_0_12;
LS_0x15ba620_1_4 .concat8 [ 4 4 4 4], LS_0x15ba620_0_16, LS_0x15ba620_0_20, LS_0x15ba620_0_24, LS_0x15ba620_0_28;
L_0x15ba620 .concat8 [ 16 16 0 0], LS_0x15ba620_1_0, LS_0x15ba620_1_4;
L_0x15bc230 .part L_0x15ba620, 31, 1;
S_0x157e540 .scope generate, "Adder[0]" "Adder[0]" 4 25, 4 25 0, S_0x157e8d0;
 .timescale 0 0;
P_0x153c2d0 .param/l "i" 1 4 25, +C4<00>;
S_0x157be20 .scope generate, "genblk1" "genblk1" 4 26, 4 26 0, S_0x157e540;
 .timescale 0 0;
S_0x157ba90 .scope module, "FA" "FullAdder" 4 28, 4 2 0, S_0x157be20;
 .timescale 0 0;
    .port_info 0 /INPUT 1 "A";
    .port_info 1 /INPUT 1 "B";
    .port_info 2 /INPUT 1 "Cin";
    .port_info 3 /OUTPUT 1 "Sum";
    .port_info 4 /OUTPUT 1 "Cout";
L_0x15a9fc0 .functor XOR 1, L_0x15aa5b0, L_0x15aa6e0, C4<0>, C4<0>;
L_0x15aa0c0 .functor XOR 1, L_0x15a9fc0, v0x15a9d10_0, C4<0>, C4<0>;
L_0x15aa1b0 .functor AND 1, L_0x15aa5b0, L_0x15aa6e0, C4<1>, C4<1>;
L_0x15aa2c0 .functor XOR 1, L_0x15aa5b0, L_0x15aa6e0, C4<0>, C4<0>;
L_0x15aa330 .functor AND 1, v0x15a9d10_0, L_0x15aa2c0, C4<1>, C4<1>;
L_0x15aa460 .functor OR 1, L_0x15aa1b0, L_0x15aa330, C4<0>, C4<0>;
v0x150efd0_0 .net "A", 0 0, L_0x15aa5b0;  1 drivers
v0x158a0b0_0 .net "B", 0 0, L_0x15aa6e0;  1 drivers
v0x158a170_0 .net "Cin", 0 0, v0x15a9d10_0;  alias, 1 drivers
v0x158a240_0 .net "Cout", 0 0, L_0x15aa460;  1 drivers
v0x158a300_0 .net "Sum", 0 0, L_0x15aa0c0;  1 drivers
v0x158a410_0 .net *"_ivl_0", 0 0, L_0x15a9fc0;  1 drivers
v0x158a4f0_0 .net *"_ivl_4", 0 0, L_0x15aa1b0;  1 drivers
v0x158a5d0_0 .net *"_ivl_6", 0 0, L_0x15aa2c0;  1 drivers
v0x158a6b0_0 .net *"_ivl_8", 0 0, L_0x15aa330;  1 drivers
S_0x158a8c0 .scope generate, "Adder[1]" "Adder[1]" 4 25, 4 25 0, S_0x157e8d0;
 .timescale 0 0;
P_0x158aa90 .param/l "i" 1 4 25, +C4<01>;
S_0x158ab50 .scope generate, "genblk1" "genblk1" 4 26, 4 26 0, S_0x158a8c0;
 .timescale 0 0;
S_0x158ad30 .scope module, "FA" "FullAdder" 4 37, 4 2 0, S_0x158ab50;
 .timescale 0 0;
    .port_info 0 /INPUT 1 "A";
    .port_info 1 /INPUT 1 "B";
    .port_info 2 /INPUT 1 "Cin";
    .port_info 3 /OUTPUT 1 "Sum";
    .port_info 4 /OUTPUT 1 "Cout";
L_0x15aa810 .functor XOR 1, L_0x15aad50, L_0x15aae80, C4<0>, C4<0>;
L_0x15aa880 .functor XOR 1, L_0x15aa810, L_0x15aafb0, C4<0>, C4<0>;
L_0x15aa940 .functor AND 1, L_0x15aad50, L_0x15aae80, C4<1>, C4<1>;
L_0x15aaa50 .functor XOR 1, L_0x15aad50, L_0x15aae80, C4<0>, C4<0>;
L_0x15aaac0 .functor AND 1, L_0x15aafb0, L_0x15aaa50, C4<1>, C4<1>;
L_0x15aac00 .functor OR 1, L_0x15aa940, L_0x15aaac0, C4<0>, C4<0>;
v0x158afb0_0 .net "A", 0 0, L_0x15aad50;  1 drivers
v0x158b090_0 .net "B", 0 0, L_0x15aae80;  1 drivers
v0x158b150_0 .net "Cin", 0 0, L_0x15aafb0;  1 drivers
v0x158b220_0 .net "Cout", 0 0, L_0x15aac00;  1 drivers
v0x158b2e0_0 .net "Sum", 0 0, L_0x15aa880;  1 drivers
v0x158b3f0_0 .net *"_ivl_0", 0 0, L_0x15aa810;  1 drivers
v0x158b4d0_0 .net *"_ivl_4", 0 0, L_0x15aa940;  1 drivers
v0x158b5b0_0 .net *"_ivl_6", 0 0, L_0x15aaa50;  1 drivers
v0x158b690_0 .net *"_ivl_8", 0 0, L_0x15aaac0;  1 drivers
S_0x158b8a0 .scope generate, "Adder[2]" "Adder[2]" 4 25, 4 25 0, S_0x157e8d0;
 .timescale 0 0;
P_0x158ba50 .param/l "i" 1 4 25, +C4<010>;
S_0x158bb10 .scope generate, "genblk1" "genblk1" 4 26, 4 26 0, S_0x158b8a0;
 .timescale 0 0;
S_0x158bcf0 .scope module, "FA" "FullAdder" 4 37, 4 2 0, S_0x158bb10;
 .timescale 0 0;
    .port_info 0 /INPUT 1 "A";
    .port_info 1 /INPUT 1 "B";
    .port_info 2 /INPUT 1 "Cin";
    .port_info 3 /OUTPUT 1 "Sum";
    .port_info 4 /OUTPUT 1 "Cout";
L_0x15ab050 .functor XOR 1, L_0x15ab580, L_0x15ab780, C4<0>, C4<0>;
L_0x15ab0f0 .functor XOR 1, L_0x15ab050, L_0x15ab940, C4<0>, C4<0>;
L_0x15ab190 .functor AND 1, L_0x15ab580, L_0x15ab780, C4<1>, C4<1>;
L_0x15ab280 .functor XOR 1, L_0x15ab580, L_0x15ab780, C4<0>, C4<0>;
L_0x15ab2f0 .functor AND 1, L_0x15ab940, L_0x15ab280, C4<1>, C4<1>;
L_0x15ab430 .functor OR 1, L_0x15ab190, L_0x15ab2f0, C4<0>, C4<0>;
v0x158bfa0_0 .net "A", 0 0, L_0x15ab580;  1 drivers
v0x158c080_0 .net "B", 0 0, L_0x15ab780;  1 drivers
v0x158c140_0 .net "Cin", 0 0, L_0x15ab940;  1 drivers
v0x158c210_0 .net "Cout", 0 0, L_0x15ab430;  1 drivers
v0x158c2d0_0 .net "Sum", 0 0, L_0x15ab0f0;  1 drivers
v0x158c3e0_0 .net *"_ivl_0", 0 0, L_0x15ab050;  1 drivers
v0x158c4c0_0 .net *"_ivl_4", 0 0, L_0x15ab190;  1 drivers
v0x158c5a0_0 .net *"_ivl_6", 0 0, L_0x15ab280;  1 drivers
v0x158c680_0 .net *"_ivl_8", 0 0, L_0x15ab2f0;  1 drivers
S_0x158c890 .scope generate, "Adder[3]" "Adder[3]" 4 25, 4 25 0, S_0x157e8d0;
 .timescale 0 0;
P_0x158ca40 .param/l "i" 1 4 25, +C4<011>;
S_0x158cb20 .scope generate, "genblk1" "genblk1" 4 26, 4 26 0, S_0x158c890;
 .timescale 0 0;
S_0x158cd00 .scope module, "FA" "FullAdder" 4 37, 4 2 0, S_0x158cb20;
 .timescale 0 0;
    .port_info 0 /INPUT 1 "A";
    .port_info 1 /INPUT 1 "B";
    .port_info 2 /INPUT 1 "Cin";
    .port_info 3 /OUTPUT 1 "Sum";
    .port_info 4 /OUTPUT 1 "Cout";
L_0x15ab9e0 .functor XOR 1, L_0x15abe10, L_0x15abf40, C4<0>, C4<0>;
L_0x15aba50 .functor XOR 1, L_0x15ab9e0, L_0x15ac0d0, C4<0>, C4<0>;
L_0x15abac0 .functor AND 1, L_0x15abe10, L_0x15abf40, C4<1>, C4<1>;
L_0x15abb80 .functor XOR 1, L_0x15abe10, L_0x15abf40, C4<0>, C4<0>;
L_0x15abbf0 .functor AND 1, L_0x15ac0d0, L_0x15abb80, C4<1>, C4<1>;
L_0x15abd00 .functor OR 1, L_0x15abac0, L_0x15abbf0, C4<0>, C4<0>;
v0x158cf80_0 .net "A", 0 0, L_0x15abe10;  1 drivers
v0x158d060_0 .net "B", 0 0, L_0x15abf40;  1 drivers
v0x158d120_0 .net "Cin", 0 0, L_0x15ac0d0;  1 drivers
v0x158d1f0_0 .net "Cout", 0 0, L_0x15abd00;  1 drivers
v0x158d2b0_0 .net "Sum", 0 0, L_0x15aba50;  1 drivers
v0x158d3c0_0 .net *"_ivl_0", 0 0, L_0x15ab9e0;  1 drivers
v0x158d4a0_0 .net *"_ivl_4", 0 0, L_0x15abac0;  1 drivers
v0x158d580_0 .net *"_ivl_6", 0 0, L_0x15abb80;  1 drivers
v0x158d660_0 .net *"_ivl_8", 0 0, L_0x15abbf0;  1 drivers
S_0x158d870 .scope generate, "Adder[4]" "Adder[4]" 4 25, 4 25 0, S_0x157e8d0;
 .timescale 0 0;
P_0x158da70 .param/l "i" 1 4 25, +C4<0100>;
S_0x158db50 .scope generate, "genblk1" "genblk1" 4 26, 4 26 0, S_0x158d870;
 .timescale 0 0;
S_0x158dd30 .scope module, "FA" "FullAdder" 4 37, 4 2 0, S_0x158db50;
 .timescale 0 0;
    .port_info 0 /INPUT 1 "A";
    .port_info 1 /INPUT 1 "B";
    .port_info 2 /INPUT 1 "Cin";
    .port_info 3 /OUTPUT 1 "Sum";
    .port_info 4 /OUTPUT 1 "Cout";
L_0x15ac170 .functor XOR 1, L_0x15ac5f0, L_0x15ac790, C4<0>, C4<0>;
L_0x15ac1e0 .functor XOR 1, L_0x15ac170, L_0x15ac8c0, C4<0>, C4<0>;
L_0x15ac250 .functor AND 1, L_0x15ac5f0, L_0x15ac790, C4<1>, C4<1>;
L_0x15ac2f0 .functor XOR 1, L_0x15ac5f0, L_0x15ac790, C4<0>, C4<0>;
L_0x15ac360 .functor AND 1, L_0x15ac8c0, L_0x15ac2f0, C4<1>, C4<1>;
L_0x15ac4a0 .functor OR 1, L_0x15ac250, L_0x15ac360, C4<0>, C4<0>;
v0x158dfb0_0 .net "A", 0 0, L_0x15ac5f0;  1 drivers
v0x158e090_0 .net "B", 0 0, L_0x15ac790;  1 drivers
v0x158e150_0 .net "Cin", 0 0, L_0x15ac8c0;  1 drivers
v0x158e1f0_0 .net "Cout", 0 0, L_0x15ac4a0;  1 drivers
v0x158e2b0_0 .net "Sum", 0 0, L_0x15ac1e0;  1 drivers
v0x158e3c0_0 .net *"_ivl_0", 0 0, L_0x15ac170;  1 drivers
v0x158e4a0_0 .net *"_ivl_4", 0 0, L_0x15ac250;  1 drivers
v0x158e580_0 .net *"_ivl_6", 0 0, L_0x15ac2f0;  1 drivers
v0x158e660_0 .net *"_ivl_8", 0 0, L_0x15ac360;  1 drivers
S_0x158e870 .scope generate, "Adder[5]" "Adder[5]" 4 25, 4 25 0, S_0x157e8d0;
 .timescale 0 0;
P_0x158ea20 .param/l "i" 1 4 25, +C4<0101>;
S_0x158eb00 .scope generate, "genblk1" "genblk1" 4 26, 4 26 0, S_0x158e870;
 .timescale 0 0;
S_0x158ece0 .scope module, "FA" "FullAdder" 4 37, 4 2 0, S_0x158eb00;
 .timescale 0 0;
    .port_info 0 /INPUT 1 "A";
    .port_info 1 /INPUT 1 "B";
    .port_info 2 /INPUT 1 "Cin";
    .port_info 3 /OUTPUT 1 "Sum";
    .port_info 4 /OUTPUT 1 "Cout";
L_0x15ac720 .functor XOR 1, L_0x15ace80, L_0x15acfb0, C4<0>, C4<0>;
L_0x15aca70 .functor XOR 1, L_0x15ac720, L_0x15ad170, C4<0>, C4<0>;
L_0x15acae0 .functor AND 1, L_0x15ace80, L_0x15acfb0, C4<1>, C4<1>;
L_0x15acb80 .functor XOR 1, L_0x15ace80, L_0x15acfb0, C4<0>, C4<0>;
L_0x15acbf0 .functor AND 1, L_0x15ad170, L_0x15acb80, C4<1>, C4<1>;
L_0x15acd30 .functor OR 1, L_0x15acae0, L_0x15acbf0, C4<0>, C4<0>;
v0x158ef60_0 .net "A", 0 0, L_0x15ace80;  1 drivers
v0x158f040_0 .net "B", 0 0, L_0x15acfb0;  1 drivers
v0x158f100_0 .net "Cin", 0 0, L_0x15ad170;  1 drivers
v0x158f1d0_0 .net "Cout", 0 0, L_0x15acd30;  1 drivers
v0x158f290_0 .net "Sum", 0 0, L_0x15aca70;  1 drivers
v0x158f3a0_0 .net *"_ivl_0", 0 0, L_0x15ac720;  1 drivers
v0x158f480_0 .net *"_ivl_4", 0 0, L_0x15acae0;  1 drivers
v0x158f560_0 .net *"_ivl_6", 0 0, L_0x15acb80;  1 drivers
v0x158f640_0 .net *"_ivl_8", 0 0, L_0x15acbf0;  1 drivers
S_0x158f850 .scope generate, "Adder[6]" "Adder[6]" 4 25, 4 25 0, S_0x157e8d0;
 .timescale 0 0;
P_0x158fa00 .param/l "i" 1 4 25, +C4<0110>;
S_0x158fae0 .scope generate, "genblk1" "genblk1" 4 26, 4 26 0, S_0x158f850;
 .timescale 0 0;
S_0x158fcc0 .scope module, "FA" "FullAdder" 4 37, 4 2 0, S_0x158fae0;
 .timescale 0 0;
    .port_info 0 /INPUT 1 "A";
    .port_info 1 /INPUT 1 "B";
    .port_info 2 /INPUT 1 "Cin";
    .port_info 3 /OUTPUT 1 "Sum";
    .port_info 4 /OUTPUT 1 "Cout";
L_0x15ad210 .functor XOR 1, L_0x15ad6e0, L_0x15ad9c0, C4<0>, C4<0>;
L_0x15ad280 .functor XOR 1, L_0x15ad210, L_0x15adb70, C4<0>, C4<0>;
L_0x15ad2f0 .functor AND 1, L_0x15ad6e0, L_0x15ad9c0, C4<1>, C4<1>;
L_0x15ad3e0 .functor XOR 1, L_0x15ad6e0, L_0x15ad9c0, C4<0>, C4<0>;
L_0x15ad450 .functor AND 1, L_0x15adb70, L_0x15ad3e0, C4<1>, C4<1>;
L_0x15ad590 .functor OR 1, L_0x15ad2f0, L_0x15ad450, C4<0>, C4<0>;
v0x158ff40_0 .net "A", 0 0, L_0x15ad6e0;  1 drivers
v0x1590020_0 .net "B", 0 0, L_0x15ad9c0;  1 drivers
v0x15900e0_0 .net "Cin", 0 0, L_0x15adb70;  1 drivers
v0x15901b0_0 .net "Cout", 0 0, L_0x15ad590;  1 drivers
v0x1590270_0 .net "Sum", 0 0, L_0x15ad280;  1 drivers
v0x1590380_0 .net *"_ivl_0", 0 0, L_0x15ad210;  1 drivers
v0x1590460_0 .net *"_ivl_4", 0 0, L_0x15ad2f0;  1 drivers
v0x1590540_0 .net *"_ivl_6", 0 0, L_0x15ad3e0;  1 drivers
v0x1590620_0 .net *"_ivl_8", 0 0, L_0x15ad450;  1 drivers
S_0x1590830 .scope generate, "Adder[7]" "Adder[7]" 4 25, 4 25 0, S_0x157e8d0;
 .timescale 0 0;
P_0x15909e0 .param/l "i" 1 4 25, +C4<0111>;
S_0x1590ac0 .scope generate, "genblk1" "genblk1" 4 26, 4 26 0, S_0x1590830;
 .timescale 0 0;
S_0x1590ca0 .scope module, "FA" "FullAdder" 4 37, 4 2 0, S_0x1590ac0;
 .timescale 0 0;
    .port_info 0 /INPUT 1 "A";
    .port_info 1 /INPUT 1 "B";
    .port_info 2 /INPUT 1 "Cin";
    .port_info 3 /OUTPUT 1 "Sum";
    .port_info 4 /OUTPUT 1 "Cout";
L_0x15ad0e0 .functor XOR 1, L_0x15ae010, L_0x15ae140, C4<0>, C4<0>;
L_0x15ab8b0 .functor XOR 1, L_0x15ad0e0, L_0x15adc10, C4<0>, C4<0>;
L_0x15ad920 .functor AND 1, L_0x15ae010, L_0x15ae140, C4<1>, C4<1>;
L_0x15add10 .functor XOR 1, L_0x15ae010, L_0x15ae140, C4<0>, C4<0>;
L_0x15add80 .functor AND 1, L_0x15adc10, L_0x15add10, C4<1>, C4<1>;
L_0x15adec0 .functor OR 1, L_0x15ad920, L_0x15add80, C4<0>, C4<0>;
v0x1590f20_0 .net "A", 0 0, L_0x15ae010;  1 drivers
v0x1591000_0 .net "B", 0 0, L_0x15ae140;  1 drivers
v0x15910c0_0 .net "Cin", 0 0, L_0x15adc10;  1 drivers
v0x1591190_0 .net "Cout", 0 0, L_0x15adec0;  1 drivers
v0x1591250_0 .net "Sum", 0 0, L_0x15ab8b0;  1 drivers
v0x1591360_0 .net *"_ivl_0", 0 0, L_0x15ad0e0;  1 drivers
v0x1591440_0 .net *"_ivl_4", 0 0, L_0x15ad920;  1 drivers
v0x1591520_0 .net *"_ivl_6", 0 0, L_0x15add10;  1 drivers
v0x1591600_0 .net *"_ivl_8", 0 0, L_0x15add80;  1 drivers
S_0x1591810 .scope generate, "Adder[8]" "Adder[8]" 4 25, 4 25 0, S_0x157e8d0;
 .timescale 0 0;
P_0x158da20 .param/l "i" 1 4 25, +C4<01000>;
S_0x1591ae0 .scope generate, "genblk1" "genblk1" 4 26, 4 26 0, S_0x1591810;
 .timescale 0 0;
S_0x1591cc0 .scope module, "FA" "FullAdder" 4 37, 4 2 0, S_0x1591ae0;
 .timescale 0 0;
    .port_info 0 /INPUT 1 "A";
    .port_info 1 /INPUT 1 "B";
    .port_info 2 /INPUT 1 "Cin";
    .port_info 3 /OUTPUT 1 "Sum";
    .port_info 4 /OUTPUT 1 "Cout";
L_0x15ae330 .functor XOR 1, L_0x15ae800, L_0x15ae270, C4<0>, C4<0>;
L_0x15ae3a0 .functor XOR 1, L_0x15ae330, L_0x15aea90, C4<0>, C4<0>;
L_0x15ae410 .functor AND 1, L_0x15ae800, L_0x15ae270, C4<1>, C4<1>;
L_0x15ae500 .functor XOR 1, L_0x15ae800, L_0x15ae270, C4<0>, C4<0>;
L_0x15ae570 .functor AND 1, L_0x15aea90, L_0x15ae500, C4<1>, C4<1>;
L_0x15ae6b0 .functor OR 1, L_0x15ae410, L_0x15ae570, C4<0>, C4<0>;
v0x1591f40_0 .net "A", 0 0, L_0x15ae800;  1 drivers
v0x1592020_0 .net "B", 0 0, L_0x15ae270;  1 drivers
v0x15920e0_0 .net "Cin", 0 0, L_0x15aea90;  1 drivers
v0x15921b0_0 .net "Cout", 0 0, L_0x15ae6b0;  1 drivers
v0x1592270_0 .net "Sum", 0 0, L_0x15ae3a0;  1 drivers
v0x1592380_0 .net *"_ivl_0", 0 0, L_0x15ae330;  1 drivers
v0x1592460_0 .net *"_ivl_4", 0 0, L_0x15ae410;  1 drivers
v0x1592540_0 .net *"_ivl_6", 0 0, L_0x15ae500;  1 drivers
v0x1592620_0 .net *"_ivl_8", 0 0, L_0x15ae570;  1 drivers
S_0x1592830 .scope generate, "Adder[9]" "Adder[9]" 4 25, 4 25 0, S_0x157e8d0;
 .timescale 0 0;
P_0x15929e0 .param/l "i" 1 4 25, +C4<01001>;
S_0x1592ac0 .scope generate, "genblk1" "genblk1" 4 26, 4 26 0, S_0x1592830;
 .timescale 0 0;
S_0x1592ca0 .scope module, "FA" "FullAdder" 4 37, 4 2 0, S_0x1592ac0;
 .timescale 0 0;
    .port_info 0 /INPUT 1 "A";
    .port_info 1 /INPUT 1 "B";
    .port_info 2 /INPUT 1 "Cin";
    .port_info 3 /OUTPUT 1 "Sum";
    .port_info 4 /OUTPUT 1 "Cout";
L_0x15ac960 .functor XOR 1, L_0x15af0b0, L_0x15af1e0, C4<0>, C4<0>;
L_0x15ae930 .functor XOR 1, L_0x15ac960, L_0x15aec40, C4<0>, C4<0>;
L_0x15aed20 .functor AND 1, L_0x15af0b0, L_0x15af1e0, C4<1>, C4<1>;
L_0x15aede0 .functor XOR 1, L_0x15af0b0, L_0x15af1e0, C4<0>, C4<0>;
L_0x15aee50 .functor AND 1, L_0x15aec40, L_0x15aede0, C4<1>, C4<1>;
L_0x15aef60 .functor OR 1, L_0x15aed20, L_0x15aee50, C4<0>, C4<0>;
v0x1592f20_0 .net "A", 0 0, L_0x15af0b0;  1 drivers
v0x1593000_0 .net "B", 0 0, L_0x15af1e0;  1 drivers
v0x15930c0_0 .net "Cin", 0 0, L_0x15aec40;  1 drivers
v0x1593190_0 .net "Cout", 0 0, L_0x15aef60;  1 drivers
v0x1593250_0 .net "Sum", 0 0, L_0x15ae930;  1 drivers
v0x1593360_0 .net *"_ivl_0", 0 0, L_0x15ac960;  1 drivers
v0x1593440_0 .net *"_ivl_4", 0 0, L_0x15aed20;  1 drivers
v0x1593520_0 .net *"_ivl_6", 0 0, L_0x15aede0;  1 drivers
v0x1593600_0 .net *"_ivl_8", 0 0, L_0x15aee50;  1 drivers
S_0x1593810 .scope generate, "Adder[10]" "Adder[10]" 4 25, 4 25 0, S_0x157e8d0;
 .timescale 0 0;
P_0x15939c0 .param/l "i" 1 4 25, +C4<01010>;
S_0x1593aa0 .scope generate, "genblk1" "genblk1" 4 26, 4 26 0, S_0x1593810;
 .timescale 0 0;
S_0x1593c80 .scope module, "FA" "FullAdder" 4 37, 4 2 0, S_0x1593aa0;
 .timescale 0 0;
    .port_info 0 /INPUT 1 "A";
    .port_info 1 /INPUT 1 "B";
    .port_info 2 /INPUT 1 "Cin";
    .port_info 3 /OUTPUT 1 "Sum";
    .port_info 4 /OUTPUT 1 "Cout";
L_0x15af400 .functor XOR 1, L_0x15af860, L_0x15af310, C4<0>, C4<0>;
L_0x15af470 .functor XOR 1, L_0x15af400, L_0x15afb20, C4<0>, C4<0>;
L_0x15af4e0 .functor AND 1, L_0x15af860, L_0x15af310, C4<1>, C4<1>;
L_0x15af5a0 .functor XOR 1, L_0x15af860, L_0x15af310, C4<0>, C4<0>;
L_0x15af610 .functor AND 1, L_0x15afb20, L_0x15af5a0, C4<1>, C4<1>;
L_0x15af750 .functor OR 1, L_0x15af4e0, L_0x15af610, C4<0>, C4<0>;
v0x1593f00_0 .net "A", 0 0, L_0x15af860;  1 drivers
v0x1593fe0_0 .net "B", 0 0, L_0x15af310;  1 drivers
v0x15940a0_0 .net "Cin", 0 0, L_0x15afb20;  1 drivers
v0x1594170_0 .net "Cout", 0 0, L_0x15af750;  1 drivers
v0x1594230_0 .net "Sum", 0 0, L_0x15af470;  1 drivers
v0x1594340_0 .net *"_ivl_0", 0 0, L_0x15af400;  1 drivers
v0x1594420_0 .net *"_ivl_4", 0 0, L_0x15af4e0;  1 drivers
v0x1594500_0 .net *"_ivl_6", 0 0, L_0x15af5a0;  1 drivers
v0x15945e0_0 .net *"_ivl_8", 0 0, L_0x15af610;  1 drivers
S_0x15947f0 .scope generate, "Adder[11]" "Adder[11]" 4 25, 4 25 0, S_0x157e8d0;
 .timescale 0 0;
P_0x15949a0 .param/l "i" 1 4 25, +C4<01011>;
S_0x1594a80 .scope generate, "genblk1" "genblk1" 4 26, 4 26 0, S_0x15947f0;
 .timescale 0 0;
S_0x1594c60 .scope module, "FA" "FullAdder" 4 37, 4 2 0, S_0x1594a80;
 .timescale 0 0;
    .port_info 0 /INPUT 1 "A";
    .port_info 1 /INPUT 1 "B";
    .port_info 2 /INPUT 1 "Cin";
    .port_info 3 /OUTPUT 1 "Sum";
    .port_info 4 /OUTPUT 1 "Cout";
L_0x15af990 .functor XOR 1, L_0x15b00c0, L_0x15b01f0, C4<0>, C4<0>;
L_0x15afa00 .functor XOR 1, L_0x15af990, L_0x15afbc0, C4<0>, C4<0>;
L_0x15afcd0 .functor AND 1, L_0x15b00c0, L_0x15b01f0, C4<1>, C4<1>;
L_0x15afdc0 .functor XOR 1, L_0x15b00c0, L_0x15b01f0, C4<0>, C4<0>;
L_0x15afe30 .functor AND 1, L_0x15afbc0, L_0x15afdc0, C4<1>, C4<1>;
L_0x15aff70 .functor OR 1, L_0x15afcd0, L_0x15afe30, C4<0>, C4<0>;
v0x1594ee0_0 .net "A", 0 0, L_0x15b00c0;  1 drivers
v0x1594fc0_0 .net "B", 0 0, L_0x15b01f0;  1 drivers
v0x1595080_0 .net "Cin", 0 0, L_0x15afbc0;  1 drivers
v0x1595150_0 .net "Cout", 0 0, L_0x15aff70;  1 drivers
v0x1595210_0 .net "Sum", 0 0, L_0x15afa00;  1 drivers
v0x1595320_0 .net *"_ivl_0", 0 0, L_0x15af990;  1 drivers
v0x1595400_0 .net *"_ivl_4", 0 0, L_0x15afcd0;  1 drivers
v0x15954e0_0 .net *"_ivl_6", 0 0, L_0x15afdc0;  1 drivers
v0x15955c0_0 .net *"_ivl_8", 0 0, L_0x15afe30;  1 drivers
S_0x15957d0 .scope generate, "Adder[12]" "Adder[12]" 4 25, 4 25 0, S_0x157e8d0;
 .timescale 0 0;
P_0x1595980 .param/l "i" 1 4 25, +C4<01100>;
S_0x1595a60 .scope generate, "genblk1" "genblk1" 4 26, 4 26 0, S_0x15957d0;
 .timescale 0 0;
S_0x1595c40 .scope module, "FA" "FullAdder" 4 37, 4 2 0, S_0x1595a60;
 .timescale 0 0;
    .port_info 0 /INPUT 1 "A";
    .port_info 1 /INPUT 1 "B";
    .port_info 2 /INPUT 1 "Cin";
    .port_info 3 /OUTPUT 1 "Sum";
    .port_info 4 /OUTPUT 1 "Cout";
L_0x15afc60 .functor XOR 1, L_0x15b08a0, L_0x15b0320, C4<0>, C4<0>;
L_0x15b0440 .functor XOR 1, L_0x15afc60, L_0x15b0b90, C4<0>, C4<0>;
L_0x15b04b0 .functor AND 1, L_0x15b08a0, L_0x15b0320, C4<1>, C4<1>;
L_0x15b05a0 .functor XOR 1, L_0x15b08a0, L_0x15b0320, C4<0>, C4<0>;
L_0x15b0610 .functor AND 1, L_0x15b0b90, L_0x15b05a0, C4<1>, C4<1>;
L_0x15b0750 .functor OR 1, L_0x15b04b0, L_0x15b0610, C4<0>, C4<0>;
v0x1595ec0_0 .net "A", 0 0, L_0x15b08a0;  1 drivers
v0x1595fa0_0 .net "B", 0 0, L_0x15b0320;  1 drivers
v0x1596060_0 .net "Cin", 0 0, L_0x15b0b90;  1 drivers
v0x1596130_0 .net "Cout", 0 0, L_0x15b0750;  1 drivers
v0x15961f0_0 .net "Sum", 0 0, L_0x15b0440;  1 drivers
v0x1596300_0 .net *"_ivl_0", 0 0, L_0x15afc60;  1 drivers
v0x15963e0_0 .net *"_ivl_4", 0 0, L_0x15b04b0;  1 drivers
v0x15964c0_0 .net *"_ivl_6", 0 0, L_0x15b05a0;  1 drivers
v0x15965a0_0 .net *"_ivl_8", 0 0, L_0x15b0610;  1 drivers
S_0x15967b0 .scope generate, "Adder[13]" "Adder[13]" 4 25, 4 25 0, S_0x157e8d0;
 .timescale 0 0;
P_0x1596960 .param/l "i" 1 4 25, +C4<01101>;
S_0x1596a40 .scope generate, "genblk1" "genblk1" 4 26, 4 26 0, S_0x15967b0;
 .timescale 0 0;
S_0x1596c20 .scope module, "FA" "FullAdder" 4 37, 4 2 0, S_0x1596a40;
 .timescale 0 0;
    .port_info 0 /INPUT 1 "A";
    .port_info 1 /INPUT 1 "B";
    .port_info 2 /INPUT 1 "Cin";
    .port_info 3 /OUTPUT 1 "Sum";
    .port_info 4 /OUTPUT 1 "Cout";
L_0x15b03c0 .functor XOR 1, L_0x15b10c0, L_0x15b11f0, C4<0>, C4<0>;
L_0x15b09d0 .functor XOR 1, L_0x15b03c0, L_0x15b0c30, C4<0>, C4<0>;
L_0x15b0a40 .functor AND 1, L_0x15b10c0, L_0x15b11f0, C4<1>, C4<1>;
L_0x15b0dc0 .functor XOR 1, L_0x15b10c0, L_0x15b11f0, C4<0>, C4<0>;
L_0x15b0e30 .functor AND 1, L_0x15b0c30, L_0x15b0dc0, C4<1>, C4<1>;
L_0x15b0f70 .functor OR 1, L_0x15b0a40, L_0x15b0e30, C4<0>, C4<0>;
v0x1596ea0_0 .net "A", 0 0, L_0x15b10c0;  1 drivers
v0x1596f80_0 .net "B", 0 0, L_0x15b11f0;  1 drivers
v0x1597040_0 .net "Cin", 0 0, L_0x15b0c30;  1 drivers
v0x1597110_0 .net "Cout", 0 0, L_0x15b0f70;  1 drivers
v0x15971d0_0 .net "Sum", 0 0, L_0x15b09d0;  1 drivers
v0x15972e0_0 .net *"_ivl_0", 0 0, L_0x15b03c0;  1 drivers
v0x15973c0_0 .net *"_ivl_4", 0 0, L_0x15b0a40;  1 drivers
v0x15974a0_0 .net *"_ivl_6", 0 0, L_0x15b0dc0;  1 drivers
v0x1597580_0 .net *"_ivl_8", 0 0, L_0x15b0e30;  1 drivers
S_0x1597790 .scope generate, "Adder[14]" "Adder[14]" 4 25, 4 25 0, S_0x157e8d0;
 .timescale 0 0;
P_0x1597940 .param/l "i" 1 4 25, +C4<01110>;
S_0x1597a20 .scope generate, "genblk1" "genblk1" 4 26, 4 26 0, S_0x1597790;
 .timescale 0 0;
S_0x1597c00 .scope module, "FA" "FullAdder" 4 37, 4 2 0, S_0x1597a20;
 .timescale 0 0;
    .port_info 0 /INPUT 1 "A";
    .port_info 1 /INPUT 1 "B";
    .port_info 2 /INPUT 1 "Cin";
    .port_info 3 /OUTPUT 1 "Sum";
    .port_info 4 /OUTPUT 1 "Cout";
L_0x15b0cd0 .functor XOR 1, L_0x15b18a0, L_0x15ad810, C4<0>, C4<0>;
L_0x15b1470 .functor XOR 1, L_0x15b0cd0, L_0x15b13b0, C4<0>, C4<0>;
L_0x15b14e0 .functor AND 1, L_0x15b18a0, L_0x15ad810, C4<1>, C4<1>;
L_0x15b15a0 .functor XOR 1, L_0x15b18a0, L_0x15ad810, C4<0>, C4<0>;
L_0x15b1610 .functor AND 1, L_0x15b13b0, L_0x15b15a0, C4<1>, C4<1>;
L_0x15b1750 .functor OR 1, L_0x15b14e0, L_0x15b1610, C4<0>, C4<0>;
v0x1597e80_0 .net "A", 0 0, L_0x15b18a0;  1 drivers
v0x1597f60_0 .net "B", 0 0, L_0x15ad810;  1 drivers
v0x1598020_0 .net "Cin", 0 0, L_0x15b13b0;  1 drivers
v0x15980f0_0 .net "Cout", 0 0, L_0x15b1750;  1 drivers
v0x15981b0_0 .net "Sum", 0 0, L_0x15b1470;  1 drivers
v0x15982c0_0 .net *"_ivl_0", 0 0, L_0x15b0cd0;  1 drivers
v0x15983a0_0 .net *"_ivl_4", 0 0, L_0x15b14e0;  1 drivers
v0x1598480_0 .net *"_ivl_6", 0 0, L_0x15b15a0;  1 drivers
v0x1598560_0 .net *"_ivl_8", 0 0, L_0x15b1610;  1 drivers
S_0x1598770 .scope generate, "Adder[15]" "Adder[15]" 4 25, 4 25 0, S_0x157e8d0;
 .timescale 0 0;
P_0x1598920 .param/l "i" 1 4 25, +C4<01111>;
S_0x1598a00 .scope generate, "genblk1" "genblk1" 4 26, 4 26 0, S_0x1598770;
 .timescale 0 0;
S_0x1598be0 .scope module, "FA" "FullAdder" 4 37, 4 2 0, S_0x1598a00;
 .timescale 0 0;
    .port_info 0 /INPUT 1 "A";
    .port_info 1 /INPUT 1 "B";
    .port_info 2 /INPUT 1 "Cin";
    .port_info 3 /OUTPUT 1 "Sum";
    .port_info 4 /OUTPUT 1 "Cout";
L_0x15ad8b0 .functor XOR 1, L_0x15b22b0, L_0x15b23e0, C4<0>, C4<0>;
L_0x15ada60 .functor XOR 1, L_0x15ad8b0, L_0x15b1f50, C4<0>, C4<0>;
L_0x15adad0 .functor AND 1, L_0x15b22b0, L_0x15b23e0, C4<1>, C4<1>;
L_0x15b1c30 .functor XOR 1, L_0x15b22b0, L_0x15b23e0, C4<0>, C4<0>;
L_0x15b1ca0 .functor AND 1, L_0x15b1f50, L_0x15b1c30, C4<1>, C4<1>;
L_0x15b2160 .functor OR 1, L_0x15adad0, L_0x15b1ca0, C4<0>, C4<0>;
v0x1598e60_0 .net "A", 0 0, L_0x15b22b0;  1 drivers
v0x1598f40_0 .net "B", 0 0, L_0x15b23e0;  1 drivers
v0x1599000_0 .net "Cin", 0 0, L_0x15b1f50;  1 drivers
v0x15990d0_0 .net "Cout", 0 0, L_0x15b2160;  1 drivers
v0x1599190_0 .net "Sum", 0 0, L_0x15ada60;  1 drivers
v0x15992a0_0 .net *"_ivl_0", 0 0, L_0x15ad8b0;  1 drivers
v0x1599380_0 .net *"_ivl_4", 0 0, L_0x15adad0;  1 drivers
v0x1599460_0 .net *"_ivl_6", 0 0, L_0x15b1c30;  1 drivers
v0x1599540_0 .net *"_ivl_8", 0 0, L_0x15b1ca0;  1 drivers
S_0x1599750 .scope generate, "Adder[16]" "Adder[16]" 4 25, 4 25 0, S_0x157e8d0;
 .timescale 0 0;
P_0x15919c0 .param/l "i" 1 4 25, +C4<010000>;
S_0x1599a60 .scope generate, "genblk1" "genblk1" 4 26, 4 26 0, S_0x1599750;
 .timescale 0 0;
S_0x1599c40 .scope module, "FA" "FullAdder" 4 37, 4 2 0, S_0x1599a60;
 .timescale 0 0;
    .port_info 0 /INPUT 1 "A";
    .port_info 1 /INPUT 1 "B";
    .port_info 2 /INPUT 1 "Cin";
    .port_info 3 /OUTPUT 1 "Sum";
    .port_info 4 /OUTPUT 1 "Cout";
L_0x15b1ff0 .functor XOR 1, L_0x15b2a90, L_0x15b2510, C4<0>, C4<0>;
L_0x15b2690 .functor XOR 1, L_0x15b1ff0, L_0x15b2d50, C4<0>, C4<0>;
L_0x15b2700 .functor AND 1, L_0x15b2a90, L_0x15b2510, C4<1>, C4<1>;
L_0x15b27c0 .functor XOR 1, L_0x15b2a90, L_0x15b2510, C4<0>, C4<0>;
L_0x15b2830 .functor AND 1, L_0x15b2d50, L_0x15b27c0, C4<1>, C4<1>;
L_0x15b2940 .functor OR 1, L_0x15b2700, L_0x15b2830, C4<0>, C4<0>;
v0x1599ec0_0 .net "A", 0 0, L_0x15b2a90;  1 drivers
v0x1599fa0_0 .net "B", 0 0, L_0x15b2510;  1 drivers
v0x159a060_0 .net "Cin", 0 0, L_0x15b2d50;  1 drivers
v0x159a130_0 .net "Cout", 0 0, L_0x15b2940;  1 drivers
v0x159a1f0_0 .net "Sum", 0 0, L_0x15b2690;  1 drivers
v0x159a300_0 .net *"_ivl_0", 0 0, L_0x15b1ff0;  1 drivers
v0x159a3e0_0 .net *"_ivl_4", 0 0, L_0x15b2700;  1 drivers
v0x159a4c0_0 .net *"_ivl_6", 0 0, L_0x15b27c0;  1 drivers
v0x159a5a0_0 .net *"_ivl_8", 0 0, L_0x15b2830;  1 drivers
S_0x159a7b0 .scope generate, "Adder[17]" "Adder[17]" 4 25, 4 25 0, S_0x157e8d0;
 .timescale 0 0;
P_0x159a960 .param/l "i" 1 4 25, +C4<010001>;
S_0x159aa40 .scope generate, "genblk1" "genblk1" 4 26, 4 26 0, S_0x159a7b0;
 .timescale 0 0;
S_0x159ac20 .scope module, "FA" "FullAdder" 4 37, 4 2 0, S_0x159aa40;
 .timescale 0 0;
    .port_info 0 /INPUT 1 "A";
    .port_info 1 /INPUT 1 "B";
    .port_info 2 /INPUT 1 "Cin";
    .port_info 3 /OUTPUT 1 "Sum";
    .port_info 4 /OUTPUT 1 "Cout";
L_0x15aeb30 .functor XOR 1, L_0x15b3350, L_0x15b3480, C4<0>, C4<0>;
L_0x15aeba0 .functor XOR 1, L_0x15aeb30, L_0x15b3000, C4<0>, C4<0>;
L_0x15b2bc0 .functor AND 1, L_0x15b3350, L_0x15b3480, C4<1>, C4<1>;
L_0x15b2c30 .functor XOR 1, L_0x15b3350, L_0x15b3480, C4<0>, C4<0>;
L_0x15b2ca0 .functor AND 1, L_0x15b3000, L_0x15b2c30, C4<1>, C4<1>;
L_0x15b3240 .functor OR 1, L_0x15b2bc0, L_0x15b2ca0, C4<0>, C4<0>;
v0x159aea0_0 .net "A", 0 0, L_0x15b3350;  1 drivers
v0x159af80_0 .net "B", 0 0, L_0x15b3480;  1 drivers
v0x159b040_0 .net "Cin", 0 0, L_0x15b3000;  1 drivers
v0x159b110_0 .net "Cout", 0 0, L_0x15b3240;  1 drivers
v0x159b1d0_0 .net "Sum", 0 0, L_0x15aeba0;  1 drivers
v0x159b2e0_0 .net *"_ivl_0", 0 0, L_0x15aeb30;  1 drivers
v0x159b3c0_0 .net *"_ivl_4", 0 0, L_0x15b2bc0;  1 drivers
v0x159b4a0_0 .net *"_ivl_6", 0 0, L_0x15b2c30;  1 drivers
v0x159b580_0 .net *"_ivl_8", 0 0, L_0x15b2ca0;  1 drivers
S_0x159b790 .scope generate, "Adder[18]" "Adder[18]" 4 25, 4 25 0, S_0x157e8d0;
 .timescale 0 0;
P_0x159b940 .param/l "i" 1 4 25, +C4<010010>;
S_0x159ba20 .scope generate, "genblk1" "genblk1" 4 26, 4 26 0, S_0x159b790;
 .timescale 0 0;
S_0x159bc00 .scope module, "FA" "FullAdder" 4 37, 4 2 0, S_0x159ba20;
 .timescale 0 0;
    .port_info 0 /INPUT 1 "A";
    .port_info 1 /INPUT 1 "B";
    .port_info 2 /INPUT 1 "Cin";
    .port_info 3 /OUTPUT 1 "Sum";
    .port_info 4 /OUTPUT 1 "Cout";
L_0x15b30a0 .functor XOR 1, L_0x15b3b80, L_0x15b35b0, C4<0>, C4<0>;
L_0x15b3110 .functor XOR 1, L_0x15b30a0, L_0x15b3e70, C4<0>, C4<0>;
L_0x15b3790 .functor AND 1, L_0x15b3b80, L_0x15b35b0, C4<1>, C4<1>;
L_0x15b3880 .functor XOR 1, L_0x15b3b80, L_0x15b35b0, C4<0>, C4<0>;
L_0x15b38f0 .functor AND 1, L_0x15b3e70, L_0x15b3880, C4<1>, C4<1>;
L_0x15b3a30 .functor OR 1, L_0x15b3790, L_0x15b38f0, C4<0>, C4<0>;
v0x159be80_0 .net "A", 0 0, L_0x15b3b80;  1 drivers
v0x159bf60_0 .net "B", 0 0, L_0x15b35b0;  1 drivers
v0x159c020_0 .net "Cin", 0 0, L_0x15b3e70;  1 drivers
v0x159c0f0_0 .net "Cout", 0 0, L_0x15b3a30;  1 drivers
v0x159c1b0_0 .net "Sum", 0 0, L_0x15b3110;  1 drivers
v0x159c2c0_0 .net *"_ivl_0", 0 0, L_0x15b30a0;  1 drivers
v0x159c3a0_0 .net *"_ivl_4", 0 0, L_0x15b3790;  1 drivers
v0x159c480_0 .net *"_ivl_6", 0 0, L_0x15b3880;  1 drivers
v0x159c560_0 .net *"_ivl_8", 0 0, L_0x15b38f0;  1 drivers
S_0x159c770 .scope generate, "Adder[19]" "Adder[19]" 4 25, 4 25 0, S_0x157e8d0;
 .timescale 0 0;
P_0x159c920 .param/l "i" 1 4 25, +C4<010011>;
S_0x159ca00 .scope generate, "genblk1" "genblk1" 4 26, 4 26 0, S_0x159c770;
 .timescale 0 0;
S_0x159cbe0 .scope module, "FA" "FullAdder" 4 37, 4 2 0, S_0x159ca00;
 .timescale 0 0;
    .port_info 0 /INPUT 1 "A";
    .port_info 1 /INPUT 1 "B";
    .port_info 2 /INPUT 1 "Cin";
    .port_info 3 /OUTPUT 1 "Sum";
    .port_info 4 /OUTPUT 1 "Cout";
L_0x15b36e0 .functor XOR 1, L_0x15b43b0, L_0x15b44e0, C4<0>, C4<0>;
L_0x15b3cb0 .functor XOR 1, L_0x15b36e0, L_0x15b3f10, C4<0>, C4<0>;
L_0x15b3d20 .functor AND 1, L_0x15b43b0, L_0x15b44e0, C4<1>, C4<1>;
L_0x15b40e0 .functor XOR 1, L_0x15b43b0, L_0x15b44e0, C4<0>, C4<0>;
L_0x15b4150 .functor AND 1, L_0x15b3f10, L_0x15b40e0, C4<1>, C4<1>;
L_0x15b4260 .functor OR 1, L_0x15b3d20, L_0x15b4150, C4<0>, C4<0>;
v0x159ce60_0 .net "A", 0 0, L_0x15b43b0;  1 drivers
v0x159cf40_0 .net "B", 0 0, L_0x15b44e0;  1 drivers
v0x159d000_0 .net "Cin", 0 0, L_0x15b3f10;  1 drivers
v0x159d0d0_0 .net "Cout", 0 0, L_0x15b4260;  1 drivers
v0x159d190_0 .net "Sum", 0 0, L_0x15b3cb0;  1 drivers
v0x159d2a0_0 .net *"_ivl_0", 0 0, L_0x15b36e0;  1 drivers
v0x159d380_0 .net *"_ivl_4", 0 0, L_0x15b3d20;  1 drivers
v0x159d460_0 .net *"_ivl_6", 0 0, L_0x15b40e0;  1 drivers
v0x159d540_0 .net *"_ivl_8", 0 0, L_0x15b4150;  1 drivers
S_0x159d750 .scope generate, "Adder[20]" "Adder[20]" 4 25, 4 25 0, S_0x157e8d0;
 .timescale 0 0;
P_0x159d900 .param/l "i" 1 4 25, +C4<010100>;
S_0x159d9e0 .scope generate, "genblk1" "genblk1" 4 26, 4 26 0, S_0x159d750;
 .timescale 0 0;
S_0x159dbc0 .scope module, "FA" "FullAdder" 4 37, 4 2 0, S_0x159d9e0;
 .timescale 0 0;
    .port_info 0 /INPUT 1 "A";
    .port_info 1 /INPUT 1 "B";
    .port_info 2 /INPUT 1 "Cin";
    .port_info 3 /OUTPUT 1 "Sum";
    .port_info 4 /OUTPUT 1 "Cout";
L_0x15b3fb0 .functor XOR 1, L_0x15b4b60, L_0x15b4610, C4<0>, C4<0>;
L_0x15b4020 .functor XOR 1, L_0x15b3fb0, L_0x15b4740, C4<0>, C4<0>;
L_0x15b47f0 .functor AND 1, L_0x15b4b60, L_0x15b4610, C4<1>, C4<1>;
L_0x15b4860 .functor XOR 1, L_0x15b4b60, L_0x15b4610, C4<0>, C4<0>;
L_0x15b48d0 .functor AND 1, L_0x15b4740, L_0x15b4860, C4<1>, C4<1>;
L_0x15b4a10 .functor OR 1, L_0x15b47f0, L_0x15b48d0, C4<0>, C4<0>;
v0x159de40_0 .net "A", 0 0, L_0x15b4b60;  1 drivers
v0x159df20_0 .net "B", 0 0, L_0x15b4610;  1 drivers
v0x159dfe0_0 .net "Cin", 0 0, L_0x15b4740;  1 drivers
v0x159e0b0_0 .net "Cout", 0 0, L_0x15b4a10;  1 drivers
v0x159e170_0 .net "Sum", 0 0, L_0x15b4020;  1 drivers
v0x159e280_0 .net *"_ivl_0", 0 0, L_0x15b3fb0;  1 drivers
v0x159e360_0 .net *"_ivl_4", 0 0, L_0x15b47f0;  1 drivers
v0x159e440_0 .net *"_ivl_6", 0 0, L_0x15b4860;  1 drivers
v0x159e520_0 .net *"_ivl_8", 0 0, L_0x15b48d0;  1 drivers
S_0x159e730 .scope generate, "Adder[21]" "Adder[21]" 4 25, 4 25 0, S_0x157e8d0;
 .timescale 0 0;
P_0x159e8e0 .param/l "i" 1 4 25, +C4<010101>;
S_0x159e9c0 .scope generate, "genblk1" "genblk1" 4 26, 4 26 0, S_0x159e730;
 .timescale 0 0;
S_0x159eba0 .scope module, "FA" "FullAdder" 4 37, 4 2 0, S_0x159e9c0;
 .timescale 0 0;
    .port_info 0 /INPUT 1 "A";
    .port_info 1 /INPUT 1 "B";
    .port_info 2 /INPUT 1 "Cin";
    .port_info 3 /OUTPUT 1 "Sum";
    .port_info 4 /OUTPUT 1 "Cout";
L_0x15b4e90 .functor XOR 1, L_0x15b5360, L_0x15b5490, C4<0>, C4<0>;
L_0x15b4f00 .functor XOR 1, L_0x15b4e90, L_0x15b4c90, C4<0>, C4<0>;
L_0x15b4f70 .functor AND 1, L_0x15b5360, L_0x15b5490, C4<1>, C4<1>;
L_0x15b5060 .functor XOR 1, L_0x15b5360, L_0x15b5490, C4<0>, C4<0>;
L_0x15b50d0 .functor AND 1, L_0x15b4c90, L_0x15b5060, C4<1>, C4<1>;
L_0x15b5210 .functor OR 1, L_0x15b4f70, L_0x15b50d0, C4<0>, C4<0>;
v0x159ee20_0 .net "A", 0 0, L_0x15b5360;  1 drivers
v0x159ef00_0 .net "B", 0 0, L_0x15b5490;  1 drivers
v0x159efc0_0 .net "Cin", 0 0, L_0x15b4c90;  1 drivers
v0x159f090_0 .net "Cout", 0 0, L_0x15b5210;  1 drivers
v0x159f150_0 .net "Sum", 0 0, L_0x15b4f00;  1 drivers
v0x159f260_0 .net *"_ivl_0", 0 0, L_0x15b4e90;  1 drivers
v0x159f340_0 .net *"_ivl_4", 0 0, L_0x15b4f70;  1 drivers
v0x159f420_0 .net *"_ivl_6", 0 0, L_0x15b5060;  1 drivers
v0x159f500_0 .net *"_ivl_8", 0 0, L_0x15b50d0;  1 drivers
S_0x159f710 .scope generate, "Adder[22]" "Adder[22]" 4 25, 4 25 0, S_0x157e8d0;
 .timescale 0 0;
P_0x159f8c0 .param/l "i" 1 4 25, +C4<010110>;
S_0x159f9a0 .scope generate, "genblk1" "genblk1" 4 26, 4 26 0, S_0x159f710;
 .timescale 0 0;
S_0x159fb80 .scope module, "FA" "FullAdder" 4 37, 4 2 0, S_0x159f9a0;
 .timescale 0 0;
    .port_info 0 /INPUT 1 "A";
    .port_info 1 /INPUT 1 "B";
    .port_info 2 /INPUT 1 "Cin";
    .port_info 3 /OUTPUT 1 "Sum";
    .port_info 4 /OUTPUT 1 "Cout";
L_0x15b4d30 .functor XOR 1, L_0x15b5b50, L_0x15b55c0, C4<0>, C4<0>;
L_0x15b4da0 .functor XOR 1, L_0x15b4d30, L_0x15b56f0, C4<0>, C4<0>;
L_0x15b4e10 .functor AND 1, L_0x15b5b50, L_0x15b55c0, C4<1>, C4<1>;
L_0x15b5850 .functor XOR 1, L_0x15b5b50, L_0x15b55c0, C4<0>, C4<0>;
L_0x15b58c0 .functor AND 1, L_0x15b56f0, L_0x15b5850, C4<1>, C4<1>;
L_0x15b5a00 .functor OR 1, L_0x15b4e10, L_0x15b58c0, C4<0>, C4<0>;
v0x159fe00_0 .net "A", 0 0, L_0x15b5b50;  1 drivers
v0x159fee0_0 .net "B", 0 0, L_0x15b55c0;  1 drivers
v0x159ffa0_0 .net "Cin", 0 0, L_0x15b56f0;  1 drivers
v0x15a0070_0 .net "Cout", 0 0, L_0x15b5a00;  1 drivers
v0x15a0130_0 .net "Sum", 0 0, L_0x15b4da0;  1 drivers
v0x15a0240_0 .net *"_ivl_0", 0 0, L_0x15b4d30;  1 drivers
v0x15a0320_0 .net *"_ivl_4", 0 0, L_0x15b4e10;  1 drivers
v0x15a0400_0 .net *"_ivl_6", 0 0, L_0x15b5850;  1 drivers
v0x15a04e0_0 .net *"_ivl_8", 0 0, L_0x15b58c0;  1 drivers
S_0x15a06f0 .scope generate, "Adder[23]" "Adder[23]" 4 25, 4 25 0, S_0x157e8d0;
 .timescale 0 0;
P_0x15a08a0 .param/l "i" 1 4 25, +C4<010111>;
S_0x15a0980 .scope generate, "genblk1" "genblk1" 4 26, 4 26 0, S_0x15a06f0;
 .timescale 0 0;
S_0x15a0b60 .scope module, "FA" "FullAdder" 4 37, 4 2 0, S_0x15a0980;
 .timescale 0 0;
    .port_info 0 /INPUT 1 "A";
    .port_info 1 /INPUT 1 "B";
    .port_info 2 /INPUT 1 "Cin";
    .port_info 3 /OUTPUT 1 "Sum";
    .port_info 4 /OUTPUT 1 "Cout";
L_0x15b5eb0 .functor XOR 1, L_0x15b6310, L_0x15b6440, C4<0>, C4<0>;
L_0x15b5f20 .functor XOR 1, L_0x15b5eb0, L_0x15b5c80, C4<0>, C4<0>;
L_0x15b5f90 .functor AND 1, L_0x15b6310, L_0x15b6440, C4<1>, C4<1>;
L_0x15b6050 .functor XOR 1, L_0x15b6310, L_0x15b6440, C4<0>, C4<0>;
L_0x15b60c0 .functor AND 1, L_0x15b5c80, L_0x15b6050, C4<1>, C4<1>;
L_0x15b6200 .functor OR 1, L_0x15b5f90, L_0x15b60c0, C4<0>, C4<0>;
v0x15a0de0_0 .net "A", 0 0, L_0x15b6310;  1 drivers
v0x15a0ec0_0 .net "B", 0 0, L_0x15b6440;  1 drivers
v0x15a0f80_0 .net "Cin", 0 0, L_0x15b5c80;  1 drivers
v0x15a1050_0 .net "Cout", 0 0, L_0x15b6200;  1 drivers
v0x15a1110_0 .net "Sum", 0 0, L_0x15b5f20;  1 drivers
v0x15a1220_0 .net *"_ivl_0", 0 0, L_0x15b5eb0;  1 drivers
v0x15a1300_0 .net *"_ivl_4", 0 0, L_0x15b5f90;  1 drivers
v0x15a13e0_0 .net *"_ivl_6", 0 0, L_0x15b6050;  1 drivers
v0x15a14c0_0 .net *"_ivl_8", 0 0, L_0x15b60c0;  1 drivers
S_0x15a16d0 .scope generate, "Adder[24]" "Adder[24]" 4 25, 4 25 0, S_0x157e8d0;
 .timescale 0 0;
P_0x15a1880 .param/l "i" 1 4 25, +C4<011000>;
S_0x15a1960 .scope generate, "genblk1" "genblk1" 4 26, 4 26 0, S_0x15a16d0;
 .timescale 0 0;
S_0x15a1b40 .scope module, "FA" "FullAdder" 4 37, 4 2 0, S_0x15a1960;
 .timescale 0 0;
    .port_info 0 /INPUT 1 "A";
    .port_info 1 /INPUT 1 "B";
    .port_info 2 /INPUT 1 "Cin";
    .port_info 3 /OUTPUT 1 "Sum";
    .port_info 4 /OUTPUT 1 "Cout";
L_0x15b5d20 .functor XOR 1, L_0x15b6b30, L_0x15b6570, C4<0>, C4<0>;
L_0x15b5d90 .functor XOR 1, L_0x15b5d20, L_0x15b66a0, C4<0>, C4<0>;
L_0x15b5e30 .functor AND 1, L_0x15b6b30, L_0x15b6570, C4<1>, C4<1>;
L_0x15b6830 .functor XOR 1, L_0x15b6b30, L_0x15b6570, C4<0>, C4<0>;
L_0x15b68a0 .functor AND 1, L_0x15b66a0, L_0x15b6830, C4<1>, C4<1>;
L_0x15b69e0 .functor OR 1, L_0x15b5e30, L_0x15b68a0, C4<0>, C4<0>;
v0x15a1dc0_0 .net "A", 0 0, L_0x15b6b30;  1 drivers
v0x15a1ea0_0 .net "B", 0 0, L_0x15b6570;  1 drivers
v0x15a1f60_0 .net "Cin", 0 0, L_0x15b66a0;  1 drivers
v0x15a2030_0 .net "Cout", 0 0, L_0x15b69e0;  1 drivers
v0x15a20f0_0 .net "Sum", 0 0, L_0x15b5d90;  1 drivers
v0x15a2200_0 .net *"_ivl_0", 0 0, L_0x15b5d20;  1 drivers
v0x15a22e0_0 .net *"_ivl_4", 0 0, L_0x15b5e30;  1 drivers
v0x15a23c0_0 .net *"_ivl_6", 0 0, L_0x15b6830;  1 drivers
v0x15a24a0_0 .net *"_ivl_8", 0 0, L_0x15b68a0;  1 drivers
S_0x15a26b0 .scope generate, "Adder[25]" "Adder[25]" 4 25, 4 25 0, S_0x157e8d0;
 .timescale 0 0;
P_0x15a2860 .param/l "i" 1 4 25, +C4<011001>;
S_0x15a2940 .scope generate, "genblk1" "genblk1" 4 26, 4 26 0, S_0x15a26b0;
 .timescale 0 0;
S_0x15a2b20 .scope module, "FA" "FullAdder" 4 37, 4 2 0, S_0x15a2940;
 .timescale 0 0;
    .port_info 0 /INPUT 1 "A";
    .port_info 1 /INPUT 1 "B";
    .port_info 2 /INPUT 1 "Cin";
    .port_info 3 /OUTPUT 1 "Sum";
    .port_info 4 /OUTPUT 1 "Cout";
L_0x15b6740 .functor XOR 1, L_0x15b7320, L_0x15b7450, C4<0>, C4<0>;
L_0x15b6ec0 .functor XOR 1, L_0x15b6740, L_0x15b6c60, C4<0>, C4<0>;
L_0x15b6f30 .functor AND 1, L_0x15b7320, L_0x15b7450, C4<1>, C4<1>;
L_0x15b7020 .functor XOR 1, L_0x15b7320, L_0x15b7450, C4<0>, C4<0>;
L_0x15b7090 .functor AND 1, L_0x15b6c60, L_0x15b7020, C4<1>, C4<1>;
L_0x15b71d0 .functor OR 1, L_0x15b6f30, L_0x15b7090, C4<0>, C4<0>;
v0x15a2da0_0 .net "A", 0 0, L_0x15b7320;  1 drivers
v0x15a2e80_0 .net "B", 0 0, L_0x15b7450;  1 drivers
v0x15a2f40_0 .net "Cin", 0 0, L_0x15b6c60;  1 drivers
v0x15a3010_0 .net "Cout", 0 0, L_0x15b71d0;  1 drivers
v0x15a30d0_0 .net "Sum", 0 0, L_0x15b6ec0;  1 drivers
v0x15a31e0_0 .net *"_ivl_0", 0 0, L_0x15b6740;  1 drivers
v0x15a32c0_0 .net *"_ivl_4", 0 0, L_0x15b6f30;  1 drivers
v0x15a33a0_0 .net *"_ivl_6", 0 0, L_0x15b7020;  1 drivers
v0x15a3480_0 .net *"_ivl_8", 0 0, L_0x15b7090;  1 drivers
S_0x15a3690 .scope generate, "Adder[26]" "Adder[26]" 4 25, 4 25 0, S_0x157e8d0;
 .timescale 0 0;
P_0x15a3840 .param/l "i" 1 4 25, +C4<011010>;
S_0x15a3920 .scope generate, "genblk1" "genblk1" 4 26, 4 26 0, S_0x15a3690;
 .timescale 0 0;
S_0x15a3b00 .scope module, "FA" "FullAdder" 4 37, 4 2 0, S_0x15a3920;
 .timescale 0 0;
    .port_info 0 /INPUT 1 "A";
    .port_info 1 /INPUT 1 "B";
    .port_info 2 /INPUT 1 "Cin";
    .port_info 3 /OUTPUT 1 "Sum";
    .port_info 4 /OUTPUT 1 "Cout";
L_0x15b6d00 .functor XOR 1, L_0x15b7ad0, L_0x15b7580, C4<0>, C4<0>;
L_0x15b6d70 .functor XOR 1, L_0x15b6d00, L_0x15b76b0, C4<0>, C4<0>;
L_0x15b6de0 .functor AND 1, L_0x15b7ad0, L_0x15b7580, C4<1>, C4<1>;
L_0x15b7840 .functor XOR 1, L_0x15b7ad0, L_0x15b7580, C4<0>, C4<0>;
L_0x15b78b0 .functor AND 1, L_0x15b76b0, L_0x15b7840, C4<1>, C4<1>;
L_0x15b79c0 .functor OR 1, L_0x15b6de0, L_0x15b78b0, C4<0>, C4<0>;
v0x15a3d80_0 .net "A", 0 0, L_0x15b7ad0;  1 drivers
v0x15a3e60_0 .net "B", 0 0, L_0x15b7580;  1 drivers
v0x15a3f20_0 .net "Cin", 0 0, L_0x15b76b0;  1 drivers
v0x15a3ff0_0 .net "Cout", 0 0, L_0x15b79c0;  1 drivers
v0x15a40b0_0 .net "Sum", 0 0, L_0x15b6d70;  1 drivers
v0x15a41c0_0 .net *"_ivl_0", 0 0, L_0x15b6d00;  1 drivers
v0x15a42a0_0 .net *"_ivl_4", 0 0, L_0x15b6de0;  1 drivers
v0x15a4380_0 .net *"_ivl_6", 0 0, L_0x15b7840;  1 drivers
v0x15a4460_0 .net *"_ivl_8", 0 0, L_0x15b78b0;  1 drivers
S_0x15a4670 .scope generate, "Adder[27]" "Adder[27]" 4 25, 4 25 0, S_0x157e8d0;
 .timescale 0 0;
P_0x15a4820 .param/l "i" 1 4 25, +C4<011011>;
S_0x15a4900 .scope generate, "genblk1" "genblk1" 4 26, 4 26 0, S_0x15a4670;
 .timescale 0 0;
S_0x15a4ae0 .scope module, "FA" "FullAdder" 4 37, 4 2 0, S_0x15a4900;
 .timescale 0 0;
    .port_info 0 /INPUT 1 "A";
    .port_info 1 /INPUT 1 "B";
    .port_info 2 /INPUT 1 "Cin";
    .port_info 3 /OUTPUT 1 "Sum";
    .port_info 4 /OUTPUT 1 "Cout";
L_0x15b7750 .functor XOR 1, L_0x15b8200, L_0x15b8330, C4<0>, C4<0>;
L_0x15b7e90 .functor XOR 1, L_0x15b7750, L_0x15b7c00, C4<0>, C4<0>;
L_0x15b7f00 .functor AND 1, L_0x15b8200, L_0x15b8330, C4<1>, C4<1>;
L_0x15ac9d0 .functor XOR 1, L_0x15b8200, L_0x15b8330, C4<0>, C4<0>;
L_0x15b7ff0 .functor AND 1, L_0x15b7c00, L_0x15ac9d0, C4<1>, C4<1>;
L_0x15b80b0 .functor OR 1, L_0x15b7f00, L_0x15b7ff0, C4<0>, C4<0>;
v0x15a4d60_0 .net "A", 0 0, L_0x15b8200;  1 drivers
v0x15a4e40_0 .net "B", 0 0, L_0x15b8330;  1 drivers
v0x15a4f00_0 .net "Cin", 0 0, L_0x15b7c00;  1 drivers
v0x15a4fd0_0 .net "Cout", 0 0, L_0x15b80b0;  1 drivers
v0x15a5090_0 .net "Sum", 0 0, L_0x15b7e90;  1 drivers
v0x15a51a0_0 .net *"_ivl_0", 0 0, L_0x15b7750;  1 drivers
v0x15a5280_0 .net *"_ivl_4", 0 0, L_0x15b7f00;  1 drivers
v0x15a5360_0 .net *"_ivl_6", 0 0, L_0x15ac9d0;  1 drivers
v0x15a5440_0 .net *"_ivl_8", 0 0, L_0x15b7ff0;  1 drivers
S_0x15a5650 .scope generate, "Adder[28]" "Adder[28]" 4 25, 4 25 0, S_0x157e8d0;
 .timescale 0 0;
P_0x15a5800 .param/l "i" 1 4 25, +C4<011100>;
S_0x15a58e0 .scope generate, "genblk1" "genblk1" 4 26, 4 26 0, S_0x15a5650;
 .timescale 0 0;
S_0x15a5ac0 .scope module, "FA" "FullAdder" 4 37, 4 2 0, S_0x15a58e0;
 .timescale 0 0;
    .port_info 0 /INPUT 1 "A";
    .port_info 1 /INPUT 1 "B";
    .port_info 2 /INPUT 1 "Cin";
    .port_info 3 /OUTPUT 1 "Sum";
    .port_info 4 /OUTPUT 1 "Cout";
L_0x15b7ca0 .functor XOR 1, L_0x15b8a00, L_0x15b8460, C4<0>, C4<0>;
L_0x15b7d10 .functor XOR 1, L_0x15b7ca0, L_0x15b8590, C4<0>, C4<0>;
L_0x15b7d80 .functor AND 1, L_0x15b8a00, L_0x15b8460, C4<1>, C4<1>;
L_0x15b8700 .functor XOR 1, L_0x15b8a00, L_0x15b8460, C4<0>, C4<0>;
L_0x15b8770 .functor AND 1, L_0x15b8590, L_0x15b8700, C4<1>, C4<1>;
L_0x15b88b0 .functor OR 1, L_0x15b7d80, L_0x15b8770, C4<0>, C4<0>;
v0x15a5d40_0 .net "A", 0 0, L_0x15b8a00;  1 drivers
v0x15a5e20_0 .net "B", 0 0, L_0x15b8460;  1 drivers
v0x15a5ee0_0 .net "Cin", 0 0, L_0x15b8590;  1 drivers
v0x15a5fb0_0 .net "Cout", 0 0, L_0x15b88b0;  1 drivers
v0x15a6070_0 .net "Sum", 0 0, L_0x15b7d10;  1 drivers
v0x15a6180_0 .net *"_ivl_0", 0 0, L_0x15b7ca0;  1 drivers
v0x15a6260_0 .net *"_ivl_4", 0 0, L_0x15b7d80;  1 drivers
v0x15a6340_0 .net *"_ivl_6", 0 0, L_0x15b8700;  1 drivers
v0x15a6420_0 .net *"_ivl_8", 0 0, L_0x15b8770;  1 drivers
S_0x15a6630 .scope generate, "Adder[29]" "Adder[29]" 4 25, 4 25 0, S_0x157e8d0;
 .timescale 0 0;
P_0x15a67e0 .param/l "i" 1 4 25, +C4<011101>;
S_0x15a68c0 .scope generate, "genblk1" "genblk1" 4 26, 4 26 0, S_0x15a6630;
 .timescale 0 0;
S_0x15a6aa0 .scope module, "FA" "FullAdder" 4 37, 4 2 0, S_0x15a68c0;
 .timescale 0 0;
    .port_info 0 /INPUT 1 "A";
    .port_info 1 /INPUT 1 "B";
    .port_info 2 /INPUT 1 "Cin";
    .port_info 3 /OUTPUT 1 "Sum";
    .port_info 4 /OUTPUT 1 "Cout";
L_0x15b8630 .functor XOR 1, L_0x15b91f0, L_0x15b9320, C4<0>, C4<0>;
L_0x15b8df0 .functor XOR 1, L_0x15b8630, L_0x15b8b30, C4<0>, C4<0>;
L_0x15b8e60 .functor AND 1, L_0x15b91f0, L_0x15b9320, C4<1>, C4<1>;
L_0x15b8f20 .functor XOR 1, L_0x15b91f0, L_0x15b9320, C4<0>, C4<0>;
L_0x15b8f90 .functor AND 1, L_0x15b8b30, L_0x15b8f20, C4<1>, C4<1>;
L_0x15b90a0 .functor OR 1, L_0x15b8e60, L_0x15b8f90, C4<0>, C4<0>;
v0x15a6d20_0 .net "A", 0 0, L_0x15b91f0;  1 drivers
v0x15a6e00_0 .net "B", 0 0, L_0x15b9320;  1 drivers
v0x15a6ec0_0 .net "Cin", 0 0, L_0x15b8b30;  1 drivers
v0x15a6f90_0 .net "Cout", 0 0, L_0x15b90a0;  1 drivers
v0x15a7050_0 .net "Sum", 0 0, L_0x15b8df0;  1 drivers
v0x15a7160_0 .net *"_ivl_0", 0 0, L_0x15b8630;  1 drivers
v0x15a7240_0 .net *"_ivl_4", 0 0, L_0x15b8e60;  1 drivers
v0x15a7320_0 .net *"_ivl_6", 0 0, L_0x15b8f20;  1 drivers
v0x15a7400_0 .net *"_ivl_8", 0 0, L_0x15b8f90;  1 drivers
S_0x15a7610 .scope generate, "Adder[30]" "Adder[30]" 4 25, 4 25 0, S_0x157e8d0;
 .timescale 0 0;
P_0x15a77c0 .param/l "i" 1 4 25, +C4<011110>;
S_0x15a78a0 .scope generate, "genblk1" "genblk1" 4 26, 4 26 0, S_0x15a7610;
 .timescale 0 0;
S_0x15a7a80 .scope module, "FA" "FullAdder" 4 37, 4 2 0, S_0x15a78a0;
 .timescale 0 0;
    .port_info 0 /INPUT 1 "A";
    .port_info 1 /INPUT 1 "B";
    .port_info 2 /INPUT 1 "Cin";
    .port_info 3 /OUTPUT 1 "Sum";
    .port_info 4 /OUTPUT 1 "Cout";
L_0x15b8bd0 .functor XOR 1, L_0x15b99f0, L_0x15b19d0, C4<0>, C4<0>;
L_0x15b8c40 .functor XOR 1, L_0x15b8bd0, L_0x15b8d20, C4<0>, C4<0>;
L_0x15b8cb0 .functor AND 1, L_0x15b99f0, L_0x15b19d0, C4<1>, C4<1>;
L_0x15b9720 .functor XOR 1, L_0x15b99f0, L_0x15b19d0, C4<0>, C4<0>;
L_0x15b9790 .functor AND 1, L_0x15b8d20, L_0x15b9720, C4<1>, C4<1>;
L_0x15b98a0 .functor OR 1, L_0x15b8cb0, L_0x15b9790, C4<0>, C4<0>;
v0x15a7d00_0 .net "A", 0 0, L_0x15b99f0;  1 drivers
v0x15a7de0_0 .net "B", 0 0, L_0x15b19d0;  1 drivers
v0x15a7ea0_0 .net "Cin", 0 0, L_0x15b8d20;  1 drivers
v0x15a7f70_0 .net "Cout", 0 0, L_0x15b98a0;  1 drivers
v0x15a8030_0 .net "Sum", 0 0, L_0x15b8c40;  1 drivers
v0x15a8140_0 .net *"_ivl_0", 0 0, L_0x15b8bd0;  1 drivers
v0x15a8220_0 .net *"_ivl_4", 0 0, L_0x15b8cb0;  1 drivers
v0x15a8300_0 .net *"_ivl_6", 0 0, L_0x15b9720;  1 drivers
v0x15a83e0_0 .net *"_ivl_8", 0 0, L_0x15b9790;  1 drivers
S_0x15a85f0 .scope generate, "Adder[31]" "Adder[31]" 4 25, 4 25 0, S_0x157e8d0;
 .timescale 0 0;
P_0x15a87a0 .param/l "i" 1 4 25, +C4<011111>;
S_0x15a8880 .scope generate, "genblk1" "genblk1" 4 26, 4 26 0, S_0x15a85f0;
 .timescale 0 0;
S_0x15a8a60 .scope module, "FA" "FullAdder" 4 37, 4 2 0, S_0x15a8880;
 .timescale 0 0;
    .port_info 0 /INPUT 1 "A";
    .port_info 1 /INPUT 1 "B";
    .port_info 2 /INPUT 1 "Cin";
    .port_info 3 /OUTPUT 1 "Sum";
    .port_info 4 /OUTPUT 1 "Cout";
L_0x15b1b00 .functor XOR 1, L_0x15b9f30, L_0x15ba060, C4<0>, C4<0>;
L_0x15b1b70 .functor XOR 1, L_0x15b1b00, L_0x15ba920, C4<0>, C4<0>;
L_0x15b1d90 .functor AND 1, L_0x15b9f30, L_0x15ba060, C4<1>, C4<1>;
L_0x15b1ed0 .functor XOR 1, L_0x15b9f30, L_0x15ba060, C4<0>, C4<0>;
L_0x15b9450 .functor AND 1, L_0x15ba920, L_0x15b1ed0, C4<1>, C4<1>;
L_0x15b9590 .functor OR 1, L_0x15b1d90, L_0x15b9450, C4<0>, C4<0>;
v0x15a8ce0_0 .net "A", 0 0, L_0x15b9f30;  1 drivers
v0x15a8dc0_0 .net "B", 0 0, L_0x15ba060;  1 drivers
v0x15a8e80_0 .net "Cin", 0 0, L_0x15ba920;  1 drivers
v0x15a8f50_0 .net "Cout", 0 0, L_0x15b9590;  1 drivers
v0x15a9010_0 .net "Sum", 0 0, L_0x15b1b70;  1 drivers
v0x15a9120_0 .net *"_ivl_0", 0 0, L_0x15b1b00;  1 drivers
v0x15a9200_0 .net *"_ivl_4", 0 0, L_0x15b1d90;  1 drivers
v0x15a92e0_0 .net *"_ivl_6", 0 0, L_0x15b1ed0;  1 drivers
v0x15a93c0_0 .net *"_ivl_8", 0 0, L_0x15b9450;  1 drivers
    .scope S_0x1580ff0;
T_0 ;
    %pushi/vec4 0, 0, 32;
    %store/vec4 v0x15a9b60_0, 0, 32;
    %pushi/vec4 0, 0, 32;
    %store/vec4 v0x15a9c40_0, 0, 32;
    %pushi/vec4 0, 0, 1;
    %store/vec4 v0x15a9d10_0, 0, 1;
    %delay 10000, 0;
    %pushi/vec4 1, 0, 32;
    %store/vec4 v0x15a9b60_0, 0, 32;
    %pushi/vec4 1, 0, 32;
    %store/vec4 v0x15a9c40_0, 0, 32;
    %pushi/vec4 0, 0, 1;
    %store/vec4 v0x15a9d10_0, 0, 1;
    %delay 10000, 0;
    %pushi/vec4 4294967295, 0, 32;
    %store/vec4 v0x15a9b60_0, 0, 32;
    %pushi/vec4 1, 0, 32;
    %store/vec4 v0x15a9c40_0, 0, 32;
    %pushi/vec4 0, 0, 1;
    %store/vec4 v0x15a9d10_0, 0, 1;
    %delay 10000, 0;
    %pushi/vec4 305419896, 0, 32;
    %store/vec4 v0x15a9b60_0, 0, 32;
    %pushi/vec4 2271560481, 0, 32;
    %store/vec4 v0x15a9c40_0, 0, 32;
    %pushi/vec4 0, 0, 1;
    %store/vec4 v0x15a9d10_0, 0, 1;
    %delay 10000, 0;
    %pushi/vec4 2863311530, 0, 32;
    %store/vec4 v0x15a9b60_0, 0, 32;
    %pushi/vec4 1431655765, 0, 32;
    %store/vec4 v0x15a9c40_0, 0, 32;
    %pushi/vec4 0, 0, 1;
    %store/vec4 v0x15a9d10_0, 0, 1;
    %delay 10000, 0;
    %pushi/vec4 4294967295, 0, 32;
    %store/vec4 v0x15a9b60_0, 0, 32;
    %pushi/vec4 4294967295, 0, 32;
    %store/vec4 v0x15a9c40_0, 0, 32;
    %pushi/vec4 0, 0, 1;
    %store/vec4 v0x15a9d10_0, 0, 1;
    %delay 10000, 0;
    %vpi_call/w 3 39 "$finish" {0 0 0};
    %end;
    .thread T_0;
    .scope S_0x1580ff0;
T_1 ;
    %vpi_call/w 3 43 "$monitor", "Time = %0dns, A = %h, B = %h, Cin = %b, Sum = %h, Cout = %b", $time, v0x15a9b60_0, v0x15a9c40_0, v0x15a9d10_0, v0x15a9ed0_0, v0x15a9e30_0 {0 0 0};
    %end;
    .thread T_1;
    .scope S_0x1580ff0;
T_2 ;
    %vpi_call/w 3 48 "$dumpfile", "dump.vcd" {0 0 0};
    %vpi_call/w 3 49 "$dumpvars", 32'sb00000000000000000000000000000000, S_0x1580ff0 {0 0 0};
    %end;
    .thread T_2;
# The file index is used to find the file name in the following table.
:file_names 5;
    "N/A";
    "<interactive>";
    "-";
    "testbench.sv";
    "design.sv";
